#
# A fatal error has been detected by the Java Runtime Environment:
#
#  EXCEPTION_ACCESS_VIOLATION (0xc0000005) at pc=0x000000006f9f7325, pid=5468, tid=9680
#
# JRE version: Java(TM) SE Runtime Environment (8.0-b132) (build 1.8.0-b132)
# Java VM: Java HotSpot(TM) 64-Bit Server VM (25.0-b70 mixed mode windows-amd64 compressed oops)
# Problematic frame:
# V  [jvm.dll+0x117325]
#
# Failed to write core dump. Minidumps are not enabled by default on client versions of Windows
#
# If you would like to submit a bug report, please visit:
#   http://bugreport.sun.com/bugreport/crash.jsp
#

---------------  T H R E A D  ---------------

Current thread (0x000000001c1ba800):  JavaThread "JDWP Transport Listener: dt_socket" daemon [_thread_in_vm, id=9680, stack(0x000000001dc20000,0x000000001dd20000)]

siginfo: ExceptionCode=0xc0000005, reading address 0xffffffffffffffff

Registers:
RAX=0x000000001dd1f501, RBX=0x000000001c1ba800, RCX=0x8f0056293b746e65, RDX=0x0000000000000000
RSP=0x000000001dd1f530, RBP=0x8f0056293b746e65, RSI=0x000000001dd1f648, RDI=0x00000000026d9330
R8 =0x000000001c1ba800, R9 =0x0000000000000700, R10=0x0000000010000000, R11=0x0000008e00de0006
R12=0x0000000000000000, R13=0x000000001c1bb298, R14=0x0000000000000000, R15=0x0000000000000000
RIP=0x000000006f9f7325, EFLAGS=0x0000000000010286

Top of Stack: (sp=0x000000001dd1f530)
0x000000001dd1f530:   000000001c1ba800 000000001c1ba800
0x000000001dd1f540:   000000001dd1f5f8 000000006fbea06b
0x000000001dd1f550:   000000001c1ba800 000000006fc068cd
0x000000001dd1f560:   0000000000000019 0000000061719149
0x000000001dd1f570:   000000001d50ede8 0000000061722912
0x000000001dd1f580:   000000001c1ba800 0000000000000000
0x000000001dd1f590:   0000000000000000 0000000000000000
0x000000001dd1f5a0:   8f0056293b746e65 0000000061721a09
0x000000001dd1f5b0:   000000001dd1f648 000000001dd1f620
0x000000001dd1f5c0:   0000000000000001 000000001d50ede8
0x000000001dd1f5d0:   8f0056293b746e65 00000000617053b3
0x000000001dd1f5e0:   000000001dd1f710 0000000000000001
0x000000001dd1f5f0:   0000000000000001 000000001d50ede8
0x000000001dd1f600:   000000000000000a 0000000000000000
0x000000001dd1f610:   0000000000000000 0000000000000000
0x000000001dd1f620:   0000000000000001 0000000061705571 

Instructions: (pc=0x000000006f9f7325)
0x000000006f9f7305:   cc cc cc cc cc cc cc cc cc cc cc 48 83 ec 28 48
0x000000006f9f7315:   85 c9 75 07 33 c0 48 83 c4 28 c3 48 89 5c 24 20
0x000000006f9f7325:   48 8b 19 48 85 db 74 20 48 83 fb 37 74 1a 48 8b
0x000000006f9f7335:   13 48 8b cb ff 52 08 84 c0 74 0d 48 8b c3 48 8b 


Register to memory mapping:

RAX=0x000000001dd1f501 is pointing into the stack for thread: 0x000000001c1ba800
RBX=0x000000001c1ba800 is a thread
RCX=0x8f0056293b746e65 is an unknown value
RDX=0x0000000000000000 is an unknown value
RSP=0x000000001dd1f530 is pointing into the stack for thread: 0x000000001c1ba800
RBP=0x8f0056293b746e65 is an unknown value
RSI=0x000000001dd1f648 is pointing into the stack for thread: 0x000000001c1ba800
RDI=0x00000000026d9330 is an unknown value
R8 =0x000000001c1ba800 is a thread
R9 =0x0000000000000700 is an unknown value
R10=0x0000000010000000 is an unknown value
R11=0x0000008e00de0006 is an unknown value
R12=0x0000000000000000 is an unknown value
R13=0x000000001c1bb298 is an unknown value
R14=0x0000000000000000 is an unknown value
R15=0x0000000000000000 is an unknown value


Stack: [0x000000001dc20000,0x000000001dd20000],  sp=0x000000001dd1f530,  free space=1021k
Native frames: (J=compiled Java code, j=interpreted, Vv=VM code, C=native code)
V  [jvm.dll+0x117325]
V  [jvm.dll+0x3268cd]
C  [jdwp.dll+0x21a09]
C  [jdwp.dll+0x53b3]
C  [jdwp.dll+0x5571]
C  [jdwp.dll+0xf09c]
C  [jdwp.dll+0x1f2c9]
C  [jdwp.dll+0x1f49e]
V  [jvm.dll+0x1a7148]
V  [jvm.dll+0x2232e4]
V  [jvm.dll+0x27baea]
C  [msvcr100.dll+0x21d9f]
C  [msvcr100.dll+0x21e3b]
C  [kernel32.dll+0x159cd]
C  [ntdll.dll+0x2a561]


---------------  P R O C E S S  ---------------

Java Threads: ( => current thread )
  0x000000001d482000 JavaThread "Service Thread" daemon [_thread_blocked, id=12016, stack(0x000000001e440000,0x000000001e540000)]
  0x000000001d47f800 JavaThread "C1 CompilerThread2" daemon [_thread_blocked, id=7932, stack(0x000000001e210000,0x000000001e310000)]
  0x000000001d46d800 JavaThread "C2 CompilerThread1" daemon [_thread_blocked, id=9576, stack(0x000000001e0f0000,0x000000001e1f0000)]
  0x000000001d470000 JavaThread "C2 CompilerThread0" daemon [_thread_blocked, id=11592, stack(0x000000001df10000,0x000000001e010000)]
  0x000000001d460800 JavaThread "JDWP Command Reader" daemon [_thread_in_native, id=8808, stack(0x000000001dad0000,0x000000001dbd0000)]
  0x000000001d455800 JavaThread "JDWP Event Helper Thread" daemon [_thread_blocked, id=13920, stack(0x000000001ddd0000,0x000000001ded0000)]
=>0x000000001c1ba800 JavaThread "JDWP Transport Listener: dt_socket" daemon [_thread_in_vm, id=9680, stack(0x000000001dc20000,0x000000001dd20000)]
  0x000000001d445000 JavaThread "Attach Listener" daemon [_thread_blocked, id=11972, stack(0x000000001d870000,0x000000001d970000)]
  0x000000001d444000 JavaThread "Signal Dispatcher" daemon [_thread_blocked, id=9384, stack(0x000000001d9d0000,0x000000001dad0000)]
  0x000000001c14f800 JavaThread "Finalizer" daemon [_thread_blocked, id=8964, stack(0x000000001d210000,0x000000001d310000)]
  0x000000001c14a000 JavaThread "Reference Handler" daemon [_thread_blocked, id=9744, stack(0x000000001d330000,0x000000001d430000)]
  0x00000000026df000 JavaThread "main" [_thread_blocked, id=13352, stack(0x00000000026e0000,0x00000000027e0000)]

Other Threads:
  0x000000001c146000 VMThread [stack: 0x000000001d0d0000,0x000000001d1d0000] [id=10940]
  0x000000001d488000 WatcherThread [stack: 0x000000001e540000,0x000000001e640000] [id=8980]

VM state:not at safepoint (normal execution)

VM Mutex/Monitor currently owned by a thread: None

Heap:
 PSYoungGen      total 1536K, used 517K [0x000000076bb80000, 0x000000076bd80000, 0x00000007c0000000)
  eden space 1024K, 2% used [0x000000076bb80000,0x000000076bb87740,0x000000076bc80000)
  from space 512K, 95% used [0x000000076bd00000,0x000000076bd7a020,0x000000076bd80000)
  to   space 512K, 0% used [0x000000076bc80000,0x000000076bc80000,0x000000076bd00000)
 ParOldGen       total 258560K, used 232K [0x00000006c3200000, 0x00000006d2e80000, 0x000000076bb80000)
  object space 258560K, 0% used [0x00000006c3200000,0x00000006c323a030,0x00000006d2e80000)
 Metaspace       used 2908K, capacity 4494K, committed 4864K, reserved 1056768K
  class space    used 310K, capacity 386K, committed 512K, reserved 1048576K

Card table byte_map: [0x0000000011cf0000,0x00000000124e0000] byte_map_base: 0x000000000e6d7000

Marking Bits: (ParMarkBitMap*) 0x00000000700913b0
 Begin Bits: [0x0000000013160000, 0x0000000017098000)
 End Bits:   [0x0000000017098000, 0x000000001afd0000)

Polling page: 0x0000000000130000

CodeCache: size=245760Kb used=1154Kb max_used=1154Kb free=244605Kb
 bounds [0x0000000002930000, 0x0000000002ba0000, 0x0000000011930000]
 total_blobs=277 nmethods=44 adapters=155
 compilation: enabled

Compilation events (10 events):
Event: 1.309 Thread 0x000000001d47f800   37       3       java.util.HashMap$Node::<init> (26 bytes)
Event: 1.309 Thread 0x000000001d47f800 nmethod 37 0x0000000002a4f0d0 code [0x0000000002a4f220, 0x0000000002a4f410]
Event: 1.309 Thread 0x000000001d47f800   41       1       java.net.URL::getAuthority (5 bytes)
Event: 1.309 Thread 0x000000001d47f800 nmethod 41 0x0000000002a4f4d0 code [0x0000000002a4f620, 0x0000000002a4f730]
Event: 1.309 Thread 0x000000001d47f800   42       1       java.net.URL::getPath (5 bytes)
Event: 1.309 Thread 0x000000001d47f800 nmethod 42 0x0000000002a4f790 code [0x0000000002a4f8e0, 0x0000000002a4f9f0]
Event: 1.309 Thread 0x000000001d47f800   43  s    1       java.util.Vector::size (5 bytes)
Event: 1.309 Thread 0x000000001d47f800 nmethod 43 0x0000000002a4fa50 code [0x0000000002a4fba0, 0x0000000002a4fe10]
Event: 1.332 Thread 0x000000001d47f800   44       3       java.io.WinNTFileSystem::normalize (143 bytes)
Event: 1.333 Thread 0x000000001d47f800 nmethod 44 0x0000000002a4fe90 code [0x0000000002a50080, 0x0000000002a50908]

GC Heap History (4 events):
Event: 0.106 GC heap before
{Heap before GC invocations=1 (full 0):
 PSYoungGen      total 1024K, used 503K [0x000000076bb80000, 0x000000076bd00000, 0x00000007c0000000)
  eden space 512K, 98% used [0x000000076bb80000,0x000000076bbfdfe0,0x000000076bc00000)
  from space 512K, 0% used [0x000000076bc80000,0x000000076bc80000,0x000000076bd00000)
  to   space 512K, 0% used [0x000000076bc00000,0x000000076bc00000,0x000000076bc80000)
 ParOldGen       total 258560K, used 0K [0x00000006c3200000, 0x00000006d2e80000, 0x000000076bb80000)
  object space 258560K, 0% used [0x00000006c3200000,0x00000006c3200000,0x00000006d2e80000)
 Metaspace       used 1880K, capacity 4480K, committed 4480K, reserved 1056768K
  class space    used 206K, capacity 384K, committed 384K, reserved 1048576K
Event: 0.142 GC heap after
Heap after GC invocations=1 (full 0):
 PSYoungGen      total 1024K, used 472K [0x000000076bb80000, 0x000000076bd80000, 0x00000007c0000000)
  eden space 512K, 0% used [0x000000076bb80000,0x000000076bb80000,0x000000076bc00000)
  from space 512K, 92% used [0x000000076bc00000,0x000000076bc76010,0x000000076bc80000)
  to   space 512K, 0% used [0x000000076bd00000,0x000000076bd00000,0x000000076bd80000)
 ParOldGen       total 258560K, used 0K [0x00000006c3200000, 0x00000006d2e80000, 0x000000076bb80000)
  object space 258560K, 0% used [0x00000006c3200000,0x00000006c3200000,0x00000006d2e80000)
 Metaspace       used 1880K, capacity 4480K, committed 4480K, reserved 1056768K
  class space    used 206K, capacity 384K, committed 384K, reserved 1048576K
}
Event: 1.309 GC heap before
{Heap before GC invocations=2 (full 0):
 PSYoungGen      total 1024K, used 984K [0x000000076bb80000, 0x000000076bd80000, 0x00000007c0000000)
  eden space 512K, 100% used [0x000000076bb80000,0x000000076bc00000,0x000000076bc00000)
  from space 512K, 92% used [0x000000076bc00000,0x000000076bc76010,0x000000076bc80000)
  to   space 512K, 0% used [0x000000076bd00000,0x000000076bd00000,0x000000076bd80000)
 ParOldGen       total 258560K, used 0K [0x00000006c3200000, 0x00000006d2e80000, 0x000000076bb80000)
  object space 258560K, 0% used [0x00000006c3200000,0x00000006c3200000,0x00000006d2e80000)
 Metaspace       used 2783K, capacity 4480K, committed 4480K, reserved 1056768K
  class space    used 298K, capacity 384K, committed 384K, reserved 1048576K
Event: 1.328 GC heap after
Heap after GC invocations=2 (full 0):
 PSYoungGen      total 1536K, used 488K [0x000000076bb80000, 0x000000076bd80000, 0x00000007c0000000)
  eden space 1024K, 0% used [0x000000076bb80000,0x000000076bb80000,0x000000076bc80000)
  from space 512K, 95% used [0x000000076bd00000,0x000000076bd7a020,0x000000076bd80000)
  to   space 512K, 0% used [0x000000076bc80000,0x000000076bc80000,0x000000076bd00000)
 ParOldGen       total 258560K, used 232K [0x00000006c3200000, 0x00000006d2e80000, 0x000000076bb80000)
  object space 258560K, 0% used [0x00000006c3200000,0x00000006c323a030,0x00000006d2e80000)
 Metaspace       used 2783K, capacity 4480K, committed 4480K, reserved 1056768K
  class space    used 298K, capacity 384K, committed 384K, reserved 1048576K
}

Deoptimization events (0 events):
No events

Internal exceptions (3 events):
Event: 0.068 Thread 0x00000000026df000 Exception <a 'java/lang/NoSuchMethodError': Method sun.misc.Unsafe.defineClass(Ljava/lang/String;[BII)Ljava/lang/Class; name or signature does not match> (0x000000076bb92230) thrown at [D:\re\workspace\8-2-build-windows-amd64-cygwin\jdk8\2238\hotspot\src\s¢ÿÄˆ"v±?
Event: 0.068 Thread 0x00000000026df000 Exception <a 'java/lang/NoSuchMethodError': Method sun.misc.Unsafe.prefetchRead(Ljava/lang/Object;J)V name or signature does not match> (0x000000076bb924c0) thrown at [D:\re\workspace\8-2-build-windows-amd64-cygwin\jdk8\2238\hotspot\src\share\vm\prims\jni.#ê§à\Ÿô?
Event: 1.289 Thread 0x00000000026df000 Exception <a 'java/security/PrivilegedActionException'> (0x000000076bbb4028) thrown at [D:\re\workspace\8-2-build-windows-amd64-cygwin\jdk8\2238\hotspot\src\share\vm\prims\jvm.cpp, line 1248]

Events (10 events):
Event: 8.270 Executing VM operation: ForceSafepoint
Event: 8.270 Executing VM operation: ForceSafepoint done
Event: 1325.037 Executing VM operation: ChangeBreakpoints
Event: 1325.038 Executing VM operation: ChangeBreakpoints done
Event: 1325.039 Executing VM operation: ChangeBreakpoints
Event: 1325.039 Executing VM operation: ChangeBreakpoints done
Event: 1377.817 Executing VM operation: ChangeBreakpoints
Event: 1377.817 Executing VM operation: ChangeBreakpoints done
Event: 1377.939 Executing VM operation: RedefineClasses
Event: 1377.940 Executing VM operation: RedefineClasses done


Dynamic libraries:
0x000000013fe80000 - 0x000000013feb4000 	E:\jdk1.8\bin\java.exe
0x0000000076ce0000 - 0x0000000076e8a000 	C:\Windows\SYSTEM32\ntdll.dll
0x0000000076a60000 - 0x0000000076b7f000 	C:\Windows\system32\kernel32.dll
0x000007fefd200000 - 0x000007fefd26a000 	C:\Windows\system32\KERNELBASE.dll
0x000007fefd520000 - 0x000007fefd5fb000 	C:\Windows\system32\ADVAPI32.dll
0x000007fefed50000 - 0x000007fefedef000 	C:\Windows\system32\msvcrt.dll
0x000007fefeaf0000 - 0x000007fefeb0f000 	C:\Windows\SYSTEM32\sechost.dll
0x000007fefeb10000 - 0x000007fefec3d000 	C:\Windows\system32\RPCRT4.dll
0x00000000765e0000 - 0x00000000766da000 	C:\Windows\system32\USER32.dll
0x000007fefe470000 - 0x000007fefe4d7000 	C:\Windows\system32\GDI32.dll
0x000007fefea10000 - 0x000007fefea1e000 	C:\Windows\system32\LPK.dll
0x000007fefe390000 - 0x000007fefe45b000 	C:\Windows\system32\USP10.dll
0x000007fefbba0000 - 0x000007fefbd94000 	C:\Windows\WinSxS\amd64_microsoft.windows.common-controls_6595b64144ccf1df_6.0.7601.18837_none_fa3b1e3d17594757\COMCTL32.dll
0x000007fefea70000 - 0x000007fefeae1000 	C:\Windows\system32\SHLWAPI.dll
0x000007fefe9e0000 - 0x000007fefea0e000 	C:\Windows\system32\IMM32.DLL
0x000007fefec40000 - 0x000007fefed49000 	C:\Windows\system32\MSCTF.dll
0x0000000062a10000 - 0x0000000062ae2000 	E:\jdk1.8\jre\bin\msvcr100.dll
0x000000006f8e0000 - 0x000000007010a000 	E:\jdk1.8\jre\bin\server\jvm.dll
0x000007fef8d10000 - 0x000007fef8d19000 	C:\Windows\system32\WSOCK32.dll
0x000007fefea20000 - 0x000007fefea6d000 	C:\Windows\system32\WS2_32.dll
0x000007fefe460000 - 0x000007fefe468000 	C:\Windows\system32\NSI.dll
0x000007fefb240000 - 0x000007fefb27b000 	C:\Windows\system32\WINMM.dll
0x0000000076eb0000 - 0x0000000076eb7000 	C:\Windows\system32\PSAPI.DLL
0x0000000071040000 - 0x000000007104f000 	E:\jdk1.8\jre\bin\verify.dll
0x00000000629e0000 - 0x0000000062a08000 	E:\jdk1.8\jre\bin\java.dll
0x0000000061700000 - 0x0000000061735000 	E:\jdk1.8\jre\bin\jdwp.dll
0x0000000071180000 - 0x0000000071188000 	E:\jdk1.8\jre\bin\npt.dll
0x00000000629c0000 - 0x00000000629d6000 	E:\jdk1.8\jre\bin\zip.dll
0x000007fefd600000 - 0x000007fefe38b000 	C:\Windows\system32\SHELL32.dll
0x000007fefe7e0000 - 0x000007fefe9dc000 	C:\Windows\system32\ole32.dll
0x000007fefd150000 - 0x000007fefd15f000 	C:\Windows\system32\profapi.dll
0x0000000071030000 - 0x0000000071039000 	E:\jdk1.8\jre\bin\dt_socket.dll
0x000007fefc980000 - 0x000007fefc9d5000 	C:\Windows\system32\mswsock.dll
0x000007fefc360000 - 0x000007fefc367000 	C:\Windows\System32\wshtcpip.dll
0x000007fef7b00000 - 0x000007fef7c25000 	C:\Windows\system32\dbghelp.dll

VM Arguments:
jvm_args: -agentlib:jdwp=transport=dt_socket,address=127.0.0.1:60491,suspend=y,server=n -Dfile.encoding=UTF-8 
java_command: com.yous.learningtwo.host.XmlLearn
java_class_path (initial): E:\jdk1.8\jre\lib\charsets.jar;E:\jdk1.8\jre\lib\deploy.jar;E:\jdk1.8\jre\lib\javaws.jar;E:\jdk1.8\jre\lib\jce.jar;E:\jdk1.8\jre\lib\jfr.jar;E:\jdk1.8\jre\lib\jfxswt.jar;E:\jdk1.8\jre\lib\jsse.jar;E:\jdk1.8\jre\lib\management-agent.jar;E:\jdk1.8\jre\lib\plugin.jar;E:\jdk1.8\jre\lib\resources.jar;E:\jdk1.8\jre\lib\rt.jar;E:\jdk1.8\jre\lib\ext\access-bridge-64.jar;E:\jdk1.8\jre\lib\ext\cldrdata.jar;E:\jdk1.8\jre\lib\ext\dnsns.jar;E:\jdk1.8\jre\lib\ext\jaccess.jar;E:\jdk1.8\jre\lib\ext\jfxrt.jar;E:\jdk1.8\jre\lib\ext\localedata.jar;E:\jdk1.8\jre\lib\ext\nashorn.jar;E:\jdk1.8\jre\lib\ext\sunec.jar;E:\jdk1.8\jre\lib\ext\sunjce_provider.jar;E:\jdk1.8\jre\lib\ext\sunmscapi.jar;E:\jdk1.8\jre\lib\ext\sunpkcs11.jar;E:\jdk1.8\jre\lib\ext\zipfs.jar;E:\java\Idea-Project\learningtwo\target\classes;C:\maven_repo\repository\dom4j\dom4j\1.6.1\dom4j-1.6.1.jar;C:\maven_repo\repository\xml-apis\xml-apis\1.0.b2\xml-apis-1.0.b2.jar;C:\maven_repo\repository\mysql\mysql-connector-java\5.1.38\mysql-connector-java-5.1.38.jar;D:\Users\syou\java\Idea\IntelliJ IDEA 14.1.4\lib\idea_rt.jar
Launcher Type: SUN_STANDARD

Environment Variables:
JAVA_HOME=E:\jdk1.8
CLASSPATH=E:\jdk1.8\lib;E:\jdk1.8\lib\tools.jar;
PATH=C:\ProgramData\Oracle\Java\javapath;E:\jdk1.8\bin;MAVEN_HOME\bin;c:\windows\system32;E:\java\apache-maven-3.3.9\bin;E:\CTEX\UserData\miktex/bin\;E:\MySql\bin;E:\git\Git\bin
USERNAME=syou
OS=Windows_NT
PROCESSOR_IDENTIFIER=Intel64 Family 6 Model 58 Stepping 9, GenuineIntel



---------------  S Y S T E M  ---------------

OS: Windows 7 , 64 bit Build 7601 Service Pack 1

CPU:total 4 (4 cores per cpu, 1 threads per core) family 6 model 58 stepping 9, cmov, cx8, fxsr, mmx, sse, sse2, sse3, ssse3, sse4.1, sse4.2, popcnt, avx, aes, clmul, erms, tsc, tscinvbit

Memory: 4k page, physical 16568252k(9274604k free), swap 18663544k(7742180k free)

vm_info: Java HotSpot(TM) 64-Bit Server VM (25.0-b70) for windows-amd64 JRE (1.8.0-b132), built on Mar  4 2014 03:46:18 by "java_re" with MS VC++ 10.0 (VS2010)

time: Sat Aug 26 19:16:00 2017
elapsed time: 1378 seconds

