#
# A fatal error has been detected by the Java Runtime Environment:
#
#  EXCEPTION_ACCESS_VIOLATION (0xc0000005) at pc=0x00000000702a7325, pid=9108, tid=13784
#
# JRE version: Java(TM) SE Runtime Environment (8.0-b132) (build 1.8.0-b132)
# Java VM: Java HotSpot(TM) 64-Bit Server VM (25.0-b70 mixed mode windows-amd64 compressed oops)
# Problematic frame:
# V  [jvm.dll+0x117325]
#
# Failed to write core dump. Minidumps are not enabled by default on client versions of Windows
#
# If you would like to submit a bug report, please visit:
#   http://bugreport.sun.com/bugreport/crash.jsp
#

---------------  T H R E A D  ---------------

Current thread (0x000000001d31c000):  JavaThread "JDWP Transport Listener: dt_socket" daemon [_thread_in_vm, id=13784, stack(0x000000001dd20000,0x000000001de20000)]

siginfo: ExceptionCode=0xc0000005, reading address 0x0000006e7261346f

Registers:
RAX=0x000000001de1f201, RBX=0x000000001d31c000, RCX=0x0000006e7261346f, RDX=0x0000000000000000
RSP=0x000000001de1f280, RBP=0x0000006e7261346f, RSI=0x000000001de1f398, RDI=0x0000000000299330
R8 =0x000000001d31c000, R9 =0x0000000000000700, R10=0x0000000000000000, R11=0x0000007100c8000a
R12=0x0000000000000000, R13=0x000000001d326678, R14=0x0000000000000000, R15=0x0000000000000000
RIP=0x00000000702a7325, EFLAGS=0x0000000000010206

Top of Stack: (sp=0x000000001de1f280)
0x000000001de1f280:   000000001d31c000 000000001d31c000
0x000000001de1f290:   000000001de1f348 000000007049a06b
0x000000001de1f2a0:   000000001d31c000 00000000704b68cd
0x000000001de1f2b0:   0000000000000000 000000006d559149
0x000000001de1f2c0:   000000001d46add0 000000006d562912
0x000000001de1f2d0:   000000001d31c000 0000000000000000
0x000000001de1f2e0:   0000000000000000 0000000000000000
0x000000001de1f2f0:   0000006e7261346f 000000006d561a09
0x000000001de1f300:   000000001de1f398 000000001de1f370
0x000000001de1f310:   0000000000000001 000000001d46add0
0x000000001de1f320:   0000006e7261346f 000000006d5453b3
0x000000001de1f330:   000000001de1f460 0000000000000001
0x000000001de1f340:   0000000000000001 000000001d46add0
0x000000001de1f350:   00000000f000100a 0000000000000000
0x000000001de1f360:   0000000000000000 0000000000000000
0x000000001de1f370:   0000000000000001 000000006d545571 

Instructions: (pc=0x00000000702a7325)
0x00000000702a7305:   cc cc cc cc cc cc cc cc cc cc cc 48 83 ec 28 48
0x00000000702a7315:   85 c9 75 07 33 c0 48 83 c4 28 c3 48 89 5c 24 20
0x00000000702a7325:   48 8b 19 48 85 db 74 20 48 83 fb 37 74 1a 48 8b
0x00000000702a7335:   13 48 8b cb ff 52 08 84 c0 74 0d 48 8b c3 48 8b 


Register to memory mapping:

RAX=0x000000001de1f201 is pointing into the stack for thread: 0x000000001d31c000
RBX=0x000000001d31c000 is a thread
RCX=0x0000006e7261346f is an unknown value
RDX=0x0000000000000000 is an unknown value
RSP=0x000000001de1f280 is pointing into the stack for thread: 0x000000001d31c000
RBP=0x0000006e7261346f is an unknown value
RSI=0x000000001de1f398 is pointing into the stack for thread: 0x000000001d31c000
RDI=0x0000000000299330 is an unknown value
R8 =0x000000001d31c000 is a thread
R9 =0x0000000000000700 is an unknown value
R10=0x0000000000000000 is an unknown value
R11=0x0000007100c8000a is an unknown value
R12=0x0000000000000000 is an unknown value
R13=0x000000001d326678 is an unknown value
R14=0x0000000000000000 is an unknown value
R15=0x0000000000000000 is an unknown value


Stack: [0x000000001dd20000,0x000000001de20000],  sp=0x000000001de1f280,  free space=1020k
Native frames: (J=compiled Java code, j=interpreted, Vv=VM code, C=native code)
V  [jvm.dll+0x117325]
V  [jvm.dll+0x3268cd]
C  [jdwp.dll+0x21a09]
C  [jdwp.dll+0x53b3]
C  [jdwp.dll+0x5571]
C  [jdwp.dll+0xf09c]
C  [jdwp.dll+0x1f2c9]
C  [jdwp.dll+0x1f49e]
V  [jvm.dll+0x1a7148]
V  [jvm.dll+0x2232e4]
V  [jvm.dll+0x27baea]
C  [msvcr100.dll+0x21d9f]
C  [msvcr100.dll+0x21e3b]
C  [kernel32.dll+0x159cd]
C  [ntdll.dll+0x2a561]


---------------  P R O C E S S  ---------------

Java Threads: ( => current thread )
  0x000000001d3a3800 JavaThread "Service Thread" daemon [_thread_blocked, id=13512, stack(0x000000001e5b0000,0x000000001e6b0000)]
  0x000000001d39c800 JavaThread "C1 CompilerThread2" daemon [_thread_blocked, id=13332, stack(0x000000001e3b0000,0x000000001e4b0000)]
  0x000000001d39b800 JavaThread "C2 CompilerThread1" daemon [_thread_blocked, id=14316, stack(0x000000001e1f0000,0x000000001e2f0000)]
  0x000000001d33b800 JavaThread "C2 CompilerThread0" daemon [_thread_blocked, id=11376, stack(0x000000001e090000,0x000000001e190000)]
  0x000000001d32d800 JavaThread "JDWP Command Reader" daemon [_thread_in_native, id=7292, stack(0x000000001df20000,0x000000001e020000)]
  0x000000001d32a000 JavaThread "JDWP Event Helper Thread" daemon [_thread_blocked, id=13032, stack(0x000000001da70000,0x000000001db70000)]
=>0x000000001d31c000 JavaThread "JDWP Transport Listener: dt_socket" daemon [_thread_in_vm, id=13784, stack(0x000000001dd20000,0x000000001de20000)]
  0x000000001d318000 JavaThread "Attach Listener" daemon [_thread_blocked, id=988, stack(0x000000001d960000,0x000000001da60000)]
  0x000000001d30c800 JavaThread "Signal Dispatcher" daemon [_thread_blocked, id=7668, stack(0x000000001d770000,0x000000001d870000)]
  0x000000001bfbf800 JavaThread "Finalizer" daemon [_thread_blocked, id=8684, stack(0x000000001d200000,0x000000001d300000)]
  0x000000001bfba000 JavaThread "Reference Handler" daemon [_thread_blocked, id=10056, stack(0x000000001d000000,0x000000001d100000)]
  0x000000000029f000 JavaThread "main" [_thread_blocked, id=12956, stack(0x0000000002860000,0x0000000002960000)]

Other Threads:
  0x000000001bfb6000 VMThread [stack: 0x000000001ce00000,0x000000001cf00000] [id=9328]
  0x000000001d3a9000 WatcherThread [stack: 0x000000001e820000,0x000000001e920000] [id=12016]

VM state:not at safepoint (normal execution)

VM Mutex/Monitor currently owned by a thread: None

Heap:
 PSYoungGen      total 1536K, used 1393K [0x000000076bb80000, 0x000000076bd80000, 0x00000007c0000000)
  eden space 1024K, 88% used [0x000000076bb80000,0x000000076bc627b0,0x000000076bc80000)
  from space 512K, 95% used [0x000000076bd00000,0x000000076bd7a020,0x000000076bd80000)
  to   space 512K, 0% used [0x000000076bc80000,0x000000076bc80000,0x000000076bd00000)
 ParOldGen       total 258560K, used 248K [0x00000006c3200000, 0x00000006d2e80000, 0x000000076bb80000)
  object space 258560K, 0% used [0x00000006c3200000,0x00000006c323e000,0x00000006d2e80000)
 Metaspace       used 3691K, capacity 4664K, committed 4864K, reserved 1056768K
  class space    used 419K, capacity 435K, committed 512K, reserved 1048576K

Card table byte_map: [0x0000000011d20000,0x0000000012510000] byte_map_base: 0x000000000e707000

Marking Bits: (ParMarkBitMap*) 0x00000000709413b0
 Begin Bits: [0x0000000012fd0000, 0x0000000016f08000)
 End Bits:   [0x0000000016f08000, 0x000000001ae40000)

Polling page: 0x0000000000240000

CodeCache: size=245760Kb used=1176Kb max_used=1176Kb free=244583Kb
 bounds [0x0000000002960000, 0x0000000002bd0000, 0x0000000011960000]
 total_blobs=333 nmethods=78 adapters=177
 compilation: enabled

Compilation events (10 events):
Event: 0.325 Thread 0x000000001d39c800   41       1       java.net.URL::getPath (5 bytes)
Event: 0.325 Thread 0x000000001d39c800 nmethod 41 0x0000000002a7ef10 code [0x0000000002a7f060, 0x0000000002a7f170]
Event: 0.325 Thread 0x000000001d39c800   42  s    1       java.util.Vector::size (5 bytes)
Event: 0.325 Thread 0x000000001d39c800 nmethod 42 0x0000000002a7f1d0 code [0x0000000002a7f320, 0x0000000002a7f590]
Event: 0.340 Thread 0x000000001d39c800   43       3       java.lang.String::startsWith (7 bytes)
Event: 0.341 Thread 0x000000001d39c800 nmethod 43 0x0000000002a7f850 code [0x0000000002a7f9c0, 0x0000000002a7fbe8]
Event: 0.341 Thread 0x000000001d39c800   45       3       java.lang.System::getSecurityManager (4 bytes)
Event: 0.341 Thread 0x000000001d39c800 nmethod 45 0x0000000002a7fc90 code [0x0000000002a7fde0, 0x0000000002a7ff10]
Event: 0.341 Thread 0x000000001d39c800   44       1       java.net.URL::getFile (5 bytes)
Event: 0.341 Thread 0x000000001d39c800 nmethod 44 0x0000000002a7ff90 code [0x0000000002a800e0, 0x0000000002a801f0]

GC Heap History (4 events):
Event: 0.086 GC heap before
{Heap before GC invocations=1 (full 0):
 PSYoungGen      total 1024K, used 505K [0x000000076bb80000, 0x000000076bd00000, 0x00000007c0000000)
  eden space 512K, 98% used [0x000000076bb80000,0x000000076bbfe778,0x000000076bc00000)
  from space 512K, 0% used [0x000000076bc80000,0x000000076bc80000,0x000000076bd00000)
  to   space 512K, 0% used [0x000000076bc00000,0x000000076bc00000,0x000000076bc80000)
 ParOldGen       total 258560K, used 0K [0x00000006c3200000, 0x00000006d2e80000, 0x000000076bb80000)
  object space 258560K, 0% used [0x00000006c3200000,0x00000006c3200000,0x00000006d2e80000)
 Metaspace       used 1880K, capacity 4480K, committed 4480K, reserved 1056768K
  class space    used 206K, capacity 384K, committed 384K, reserved 1048576K
Event: 0.093 GC heap after
Heap after GC invocations=1 (full 0):
 PSYoungGen      total 1024K, used 440K [0x000000076bb80000, 0x000000076bd80000, 0x00000007c0000000)
  eden space 512K, 0% used [0x000000076bb80000,0x000000076bb80000,0x000000076bc00000)
  from space 512K, 85% used [0x000000076bc00000,0x000000076bc6e010,0x000000076bc80000)
  to   space 512K, 0% used [0x000000076bd00000,0x000000076bd00000,0x000000076bd80000)
 ParOldGen       total 258560K, used 0K [0x00000006c3200000, 0x00000006d2e80000, 0x000000076bb80000)
  object space 258560K, 0% used [0x00000006c3200000,0x00000006c3200000,0x00000006d2e80000)
 Metaspace       used 1880K, capacity 4480K, committed 4480K, reserved 1056768K
  class space    used 206K, capacity 384K, committed 384K, reserved 1048576K
}
Event: 0.326 GC heap before
{Heap before GC invocations=2 (full 0):
 PSYoungGen      total 1024K, used 952K [0x000000076bb80000, 0x000000076bd80000, 0x00000007c0000000)
  eden space 512K, 100% used [0x000000076bb80000,0x000000076bc00000,0x000000076bc00000)
  from space 512K, 85% used [0x000000076bc00000,0x000000076bc6e010,0x000000076bc80000)
  to   space 512K, 0% used [0x000000076bd00000,0x000000076bd00000,0x000000076bd80000)
 ParOldGen       total 258560K, used 0K [0x00000006c3200000, 0x00000006d2e80000, 0x000000076bb80000)
  object space 258560K, 0% used [0x00000006c3200000,0x00000006c3200000,0x00000006d2e80000)
 Metaspace       used 2783K, capacity 4480K, committed 4480K, reserved 1056768K
  class space    used 298K, capacity 384K, committed 384K, reserved 1048576K
Event: 0.327 GC heap after
Heap after GC invocations=2 (full 0):
 PSYoungGen      total 1536K, used 488K [0x000000076bb80000, 0x000000076bd80000, 0x00000007c0000000)
  eden space 1024K, 0% used [0x000000076bb80000,0x000000076bb80000,0x000000076bc80000)
  from space 512K, 95% used [0x000000076bd00000,0x000000076bd7a020,0x000000076bd80000)
  to   space 512K, 0% used [0x000000076bc80000,0x000000076bc80000,0x000000076bd00000)
 ParOldGen       total 258560K, used 248K [0x00000006c3200000, 0x00000006d2e80000, 0x000000076bb80000)
  object space 258560K, 0% used [0x00000006c3200000,0x00000006c323e000,0x00000006d2e80000)
 Metaspace       used 2783K, capacity 4480K, committed 4480K, reserved 1056768K
  class space    used 298K, capacity 384K, committed 384K, reserved 1048576K
}

Deoptimization events (0 events):
No events

Internal exceptions (8 events):
Event: 0.052 Thread 0x000000000029f000 Exception <a 'java/lang/NoSuchMethodError': Method sun.misc.Unsafe.defineClass(Ljava/lang/String;[BII)Ljava/lang/Class; name or signature does not match> (0x000000076bb94bc8) thrown at [D:\re\workspace\8-2-build-windows-amd64-cygwin\jdk8\2238\hotspot\src\sÕu©âWhª?
Event: 0.052 Thread 0x000000000029f000 Exception <a 'java/lang/NoSuchMethodError': Method sun.misc.Unsafe.prefetchRead(Ljava/lang/Object;J)V name or signature does not match> (0x000000076bb94e58) thrown at [D:\re\workspace\8-2-build-windows-amd64-cygwin\jdk8\2238\hotspot\src\share\vm\prims\jni.0‰Ú‡§Ó?
Event: 0.307 Thread 0x000000000029f000 Exception <a 'java/security/PrivilegedActionException'> (0x000000076bbb4bf8) thrown at [D:\re\workspace\8-2-build-windows-amd64-cygwin\jdk8\2238\hotspot\src\share\vm\prims\jvm.cpp, line 1248]
Event: 0.338 Thread 0x000000000029f000 Exception <a 'java/security/PrivilegedActionException'> (0x000000076bb846f0) thrown at [D:\re\workspace\8-2-build-windows-amd64-cygwin\jdk8\2238\hotspot\src\share\vm\prims\jvm.cpp, line 1248]
Event: 2.170 Thread 0x000000000029f000 Exception <a 'java/lang/ClassNotFoundException': java/lang/Null> (0x000000076bba07d0) thrown at [D:\re\workspace\8-2-build-windows-amd64-cygwin\jdk8\2238\hotspot\src\share\vm\classfile\systemDictionary.cpp, line 202]
Event: 2.328 Thread 0x000000000029f000 Exception <a 'java/lang/NoSuchFieldError': method resolution failed> (0x000000076bbf49b0) thrown at [D:\re\workspace\8-2-build-windows-amd64-cygwin\jdk8\2238\hotspot\src\share\vm\prims\methodHandles.cpp, line 1159]
Event: 2.356 Thread 0x000000000029f000 Exception <a 'java/lang/NoSuchFieldError': method resolution failed> (0x000000076bc03498) thrown at [D:\re\workspace\8-2-build-windows-amd64-cygwin\jdk8\2238\hotspot\src\share\vm\prims\methodHandles.cpp, line 1159]
Event: 2.362 Thread 0x000000000029f000 Exception <a 'java/lang/NoSuchFieldError': method resolution failed> (0x000000076bc065f8) thrown at [D:\re\workspace\8-2-build-windows-amd64-cygwin\jdk8\2238\hotspot\src\share\vm\prims\methodHandles.cpp, line 1159]

Events (10 events):
Event: 1448.391 Executing VM operation: ChangeBreakpoints
Event: 1448.391 Executing VM operation: ChangeBreakpoints done
Event: 1448.392 Executing VM operation: ChangeBreakpoints
Event: 1448.392 Executing VM operation: ChangeBreakpoints done
Event: 1448.392 Executing VM operation: ChangeBreakpoints
Event: 1448.392 Executing VM operation: ChangeBreakpoints done
Event: 1448.392 Executing VM operation: ChangeBreakpoints
Event: 1448.392 Executing VM operation: ChangeBreakpoints done
Event: 1549.750 Executing VM operation: RedefineClasses
Event: 1549.750 Executing VM operation: RedefineClasses done


Dynamic libraries:
0x000000013f2a0000 - 0x000000013f2d4000 	E:\jdk1.8\bin\java.exe
0x0000000076ee0000 - 0x000000007708a000 	C:\Windows\SYSTEM32\ntdll.dll
0x0000000076c60000 - 0x0000000076d7f000 	C:\Windows\system32\kernel32.dll
0x000007fefd610000 - 0x000007fefd67a000 	C:\Windows\system32\KERNELBASE.dll
0x000007fefdc20000 - 0x000007fefdcfb000 	C:\Windows\system32\ADVAPI32.dll
0x000007fefee60000 - 0x000007fefeeff000 	C:\Windows\system32\msvcrt.dll
0x000007fefed00000 - 0x000007fefed1f000 	C:\Windows\SYSTEM32\sechost.dll
0x000007fefefd0000 - 0x000007feff0fd000 	C:\Windows\system32\RPCRT4.dll
0x0000000076b60000 - 0x0000000076c5a000 	C:\Windows\system32\USER32.dll
0x000007fefed20000 - 0x000007fefed87000 	C:\Windows\system32\GDI32.dll
0x000007fefecf0000 - 0x000007fefecfe000 	C:\Windows\system32\LPK.dll
0x000007fefef00000 - 0x000007fefefcb000 	C:\Windows\system32\USP10.dll
0x000007fefbdd0000 - 0x000007fefbfc4000 	C:\Windows\WinSxS\amd64_microsoft.windows.common-controls_6595b64144ccf1df_6.0.7601.18837_none_fa3b1e3d17594757\COMCTL32.dll
0x000007fefec70000 - 0x000007fefece1000 	C:\Windows\system32\SHLWAPI.dll
0x000007fefed90000 - 0x000007fefedbe000 	C:\Windows\system32\IMM32.DLL
0x000007fefda10000 - 0x000007fefdb19000 	C:\Windows\system32\MSCTF.dll
0x0000000051de0000 - 0x0000000051eb2000 	E:\jdk1.8\jre\bin\msvcr100.dll
0x0000000070190000 - 0x00000000709ba000 	E:\jdk1.8\jre\bin\server\jvm.dll
0x000007fef8d70000 - 0x000007fef8d79000 	C:\Windows\system32\WSOCK32.dll
0x000007feff100000 - 0x000007feff14d000 	C:\Windows\system32\WS2_32.dll
0x000007fefda00000 - 0x000007fefda08000 	C:\Windows\system32\NSI.dll
0x000007fefb440000 - 0x000007fefb47b000 	C:\Windows\system32\WINMM.dll
0x00000000770b0000 - 0x00000000770b7000 	C:\Windows\system32\PSAPI.DLL
0x000000006fbe0000 - 0x000000006fbef000 	E:\jdk1.8\jre\bin\verify.dll
0x000000005de80000 - 0x000000005dea8000 	E:\jdk1.8\jre\bin\java.dll
0x000000006d540000 - 0x000000006d575000 	E:\jdk1.8\jre\bin\jdwp.dll
0x000000006fc50000 - 0x000000006fc58000 	E:\jdk1.8\jre\bin\npt.dll
0x000000006d5a0000 - 0x000000006d5b6000 	E:\jdk1.8\jre\bin\zip.dll
0x000007fefdd00000 - 0x000007fefea8b000 	C:\Windows\system32\SHELL32.dll
0x000007fefd800000 - 0x000007fefd9fc000 	C:\Windows\system32\ole32.dll
0x000007fefd350000 - 0x000007fefd35f000 	C:\Windows\system32\profapi.dll
0x000000006fbb0000 - 0x000000006fbb9000 	E:\jdk1.8\jre\bin\dt_socket.dll
0x000007fefcb80000 - 0x000007fefcbd5000 	C:\Windows\system32\mswsock.dll
0x000007fefc560000 - 0x000007fefc567000 	C:\Windows\System32\wshtcpip.dll
0x000000006e330000 - 0x000000006e34a000 	E:\jdk1.8\jre\bin\net.dll
0x000007fefcc00000 - 0x000007fefcc07000 	C:\Windows\System32\wship6.dll
0x000007fef7cd0000 - 0x000007fef7df5000 	C:\Windows\system32\dbghelp.dll

VM Arguments:
jvm_args: -agentlib:jdwp=transport=dt_socket,address=127.0.0.1:57863,suspend=y,server=n -Dfile.encoding=UTF-8 
java_command: com.yous.learningtwo.host.Demo4
java_class_path (initial): E:\jdk1.8\jre\lib\charsets.jar;E:\jdk1.8\jre\lib\deploy.jar;E:\jdk1.8\jre\lib\javaws.jar;E:\jdk1.8\jre\lib\jce.jar;E:\jdk1.8\jre\lib\jfr.jar;E:\jdk1.8\jre\lib\jfxswt.jar;E:\jdk1.8\jre\lib\jsse.jar;E:\jdk1.8\jre\lib\management-agent.jar;E:\jdk1.8\jre\lib\plugin.jar;E:\jdk1.8\jre\lib\resources.jar;E:\jdk1.8\jre\lib\rt.jar;E:\jdk1.8\jre\lib\ext\access-bridge-64.jar;E:\jdk1.8\jre\lib\ext\cldrdata.jar;E:\jdk1.8\jre\lib\ext\dnsns.jar;E:\jdk1.8\jre\lib\ext\jaccess.jar;E:\jdk1.8\jre\lib\ext\jfxrt.jar;E:\jdk1.8\jre\lib\ext\localedata.jar;E:\jdk1.8\jre\lib\ext\nashorn.jar;E:\jdk1.8\jre\lib\ext\sunec.jar;E:\jdk1.8\jre\lib\ext\sunjce_provider.jar;E:\jdk1.8\jre\lib\ext\sunmscapi.jar;E:\jdk1.8\jre\lib\ext\sunpkcs11.jar;E:\jdk1.8\jre\lib\ext\zipfs.jar;E:\java\Idea-Project\learningtwo\target\classes;C:\maven_repo\repository\dom4j\dom4j\1.6.1\dom4j-1.6.1.jar;C:\maven_repo\repository\xml-apis\xml-apis\1.0.b2\xml-apis-1.0.b2.jar;C:\maven_repo\repository\mysql\mysql-connector-java\5.1.38\mysql-connector-java-5.1.38.jar;D:\Users\syou\java\Idea\IntelliJ IDEA 14.1.4\lib\idea_rt.jar
Launcher Type: SUN_STANDARD

Environment Variables:
JAVA_HOME=E:\jdk1.8
CLASSPATH=E:\jdk1.8\lib;E:\jdk1.8\lib\tools.jar;
PATH=C:\ProgramData\Oracle\Java\javapath;E:\jdk1.8\bin;MAVEN_HOME\bin;c:\windows\system32;E:\java\apache-maven-3.3.9\bin;E:\CTEX\UserData\miktex/bin\;E:\MySql\bin;E:\git\Git\bin
USERNAME=syou
OS=Windows_NT
PROCESSOR_IDENTIFIER=Intel64 Family 6 Model 58 Stepping 9, GenuineIntel



---------------  S Y S T E M  ---------------

OS: Windows 7 , 64 bit Build 7601 Service Pack 1

CPU:total 4 (4 cores per cpu, 1 threads per core) family 6 model 58 stepping 9, cmov, cx8, fxsr, mmx, sse, sse2, sse3, ssse3, sse4.1, sse4.2, popcnt, avx, aes, clmul, erms, tsc, tscinvbit

Memory: 4k page, physical 16568252k(9997972k free), swap 18663544k(8390364k free)

vm_info: Java HotSpot(TM) 64-Bit Server VM (25.0-b70) for windows-amd64 JRE (1.8.0-b132), built on Mar  4 2014 03:46:18 by "java_re" with MS VC++ 10.0 (VS2010)

time: Wed Sep 06 10:53:51 2017
elapsed time: 1549 seconds

